


ARM Macro Assembler    Page 1 


    1 00000000         ;*******************************************************
                       ************************
    2 00000000         ;*******************************************************
                       ************************
    3 00000000         
    4 00000000         ; Amount of memory (in bytes) allocated for Stack
    5 00000000         ; Tailor this value to your application needs
    6 00000000         ; <h> Stack Configuration
    7 00000000         ;   <o> Stack Size (in Bytes) <0x0-0xFFFFFFFF:8>
    8 00000000         ; </h>
    9 00000000         
   10 00000000 00004000 
                       Stack_Size
                               EQU              0x00004000
   11 00000000         
   12 00000000                 AREA             STACK, NOINIT, READWRITE, ALIGN
=3
   13 00000000         Stack_Mem
                               SPACE            Stack_Size
   14 00004000         __initial_sp
   15 00004000         
   16 00004000         
   17 00004000         ; <h> Heap Configuration
   18 00004000         ;   <o>  Heap Size (in Bytes) <0x0-0xFFFFFFFF:8>
   19 00004000         ; </h>
   20 00004000         
   21 00004000 00000000 
                       Heap_Size
                               EQU              0x00000000
   22 00004000         
   23 00004000                 AREA             HEAP, NOINIT, READWRITE, ALIGN=
3
   24 00000000         __heap_base
   25 00000000         Heap_Mem
                               SPACE            Heap_Size
   26 00000000         __heap_limit
   27 00000000         
   28 00000000                 PRESERVE8
   29 00000000                 THUMB
   30 00000000         
   31 00000000         
   32 00000000         ; Vector Table Mapped to Address 0 at Reset
   33 00000000                 AREA             RESET, DATA, READONLY
   34 00000000                 EXPORT           __Vectors
   35 00000000                 EXPORT           __Vectors_End
   36 00000000                 EXPORT           __Vectors_Size
   37 00000000         
   38 00000000 00000000 
                       __Vectors
                               DCD              __initial_sp ; Top of Stack
   39 00000004 00000000        DCD              Reset_Handler ; Reset Handler
   40 00000008 00000000        DCD              NMI_Handler ; NMI Handler
   41 0000000C 00000000        DCD              HardFault_Handler ; Hard Fault 
                                                            Handler
   42 00000010 00000000        DCD              MemManage_Handler 
                                                            ; MPU Fault Handler
                                                            
   43 00000014 00000000        DCD              BusFault_Handler 
                                                            ; Bus Fault Handler



ARM Macro Assembler    Page 2 


                                                            
   44 00000018 00000000        DCD              UsageFault_Handler ; Usage Faul
                                                            t Handler
   45 0000001C 00000000        DCD              0           ; Reserved
   46 00000020 00000000        DCD              0           ; Reserved
   47 00000024 00000000        DCD              0           ; Reserved
   48 00000028 00000000        DCD              0           ; Reserved
   49 0000002C 00000000        DCD              SVC_Handler ; SVCall Handler
   50 00000030 00000000        DCD              DebugMon_Handler ; Debug Monito
                                                            r Handler
   51 00000034 00000000        DCD              0           ; Reserved
   52 00000038 00000000        DCD              PendSV_Handler ; PendSV Handler
                                                            
   53 0000003C 00000000        DCD              SysTick_Handler 
                                                            ; SysTick Handler
   54 00000040         
   55 00000040         ; External Interrupts
   56 00000040 00000000        DCD              WWDG_IRQHandler ; Window WatchD
                                                            og                 
                                                                               
                                                                
   57 00000044 00000000        DCD              PVD_IRQHandler ; PVD through EX
                                                            TI Line detection  
                                                                               
                                                               
   58 00000048 00000000        DCD              TAMP_STAMP_IRQHandler ; Tamper 
                                                            and TimeStamps thro
                                                            ugh the EXTI line  
                                                                      
   59 0000004C 00000000        DCD              RTC_WKUP_IRQHandler ; RTC Wakeu
                                                            p through the EXTI 
                                                            line               
                                                                    
   60 00000050 00000000        DCD              FLASH_IRQHandler ; FLASH       
                                                                               
                                                                             
   61 00000054 00000000        DCD              RCC_IRQHandler ; RCC           
                                                                               
                                                                           
   62 00000058 00000000        DCD              EXTI0_IRQHandler ; EXTI Line0  
                                                                               
                                                                               
                                                                 
   63 0000005C 00000000        DCD              EXTI1_IRQHandler ; EXTI Line1  
                                                                               
                                                                               
                                                                 
   64 00000060 00000000        DCD              EXTI2_IRQHandler ; EXTI Line2  
                                                                               
                                                                               
                                                                 
   65 00000064 00000000        DCD              EXTI3_IRQHandler ; EXTI Line3  
                                                                               
                                                                               
                                                                 
   66 00000068 00000000        DCD              EXTI4_IRQHandler ; EXTI Line4  
                                                                               
                                                                               
                                                                 



ARM Macro Assembler    Page 3 


   67 0000006C 00000000        DCD              DMA1_Stream0_IRQHandler ; DMA1 
                                                            Stream 0           
                                                                               
                                                                 
   68 00000070 00000000        DCD              DMA1_Stream1_IRQHandler ; DMA1 
                                                            Stream 1           
                                                                               
                                                                 
   69 00000074 00000000        DCD              DMA1_Stream2_IRQHandler ; DMA1 
                                                            Stream 2           
                                                                               
                                                                 
   70 00000078 00000000        DCD              DMA1_Stream3_IRQHandler ; DMA1 
                                                            Stream 3           
                                                                               
                                                                 
   71 0000007C 00000000        DCD              DMA1_Stream4_IRQHandler ; DMA1 
                                                            Stream 4           
                                                                               
                                                                
   72 00000080 00000000        DCD              DMA1_Stream5_IRQHandler ; DMA1 
                                                            Stream 5           
                                                                               
                                                                 
   73 00000084 00000000        DCD              DMA1_Stream6_IRQHandler ; DMA1 
                                                            Stream 6           
                                                                               
                                                                 
   74 00000088 00000000        DCD              ADC_IRQHandler ; ADC1, ADC2 and
                                                             ADC3s             
                                                                           
   75 0000008C 00000000        DCD              RFU1_IRQHandler ; Reserved     
                                                                               
                                                                               
                                                                
   76 00000090 00000000        DCD              RFU2_IRQHandler ; Reserved     
                                                                               
                                                                               
                                                                 
   77 00000094 00000000        DCD              CAN1_INT0_IRQHandler ; CAN1 INT
                                                            0                  
                                                                               
                                                                      
   78 00000098 00000000        DCD              CAN1_INT1_IRQHandler ; CAN1 INT
                                                            1                  
                                                                               
                                                                     
   79 0000009C 00000000        DCD              EXTI9_5_IRQHandler ; External L
                                                            ine[9:5]s          
                                                                               
                                                                   
   80 000000A0 00000000        DCD              TIM1_BRK_IRQHandler ; TIM1 Brea
                                                            k                  
                                                             
   81 000000A4 00000000        DCD              TIM1_UP_IRQHandler ; TIM1 Updat
                                                            e                 
   82 000000A8 00000000        DCD              TIM1_TRG_COM_IRQHandler ; TIM1 
                                                            Trigger and Commuta
                                                            tion 



ARM Macro Assembler    Page 4 


   83 000000AC 00000000        DCD              TIM1_CC_IRQHandler ; TIM1 Captu
                                                            re Compare         
                                                                               
                                                                   
   84 000000B0 00000000        DCD              TIM2_IRQHandler ; TIM2         
                                                                               
                                                                            
   85 000000B4 00000000        DCD              TIM3_IRQHandler ; TIM3         
                                                                               
                                                                            
   86 000000B8 00000000        DCD              TIM4_IRQHandler ; TIM4         
                                                                               
                                                                            
   87 000000BC 00000000        DCD              I2C1_EV_IRQHandler ; I2C1 Event
                                                                               
                                                                               
                                                                   
   88 000000C0 00000000        DCD              RFU3_IRQHandler ; Reserved     
                                                                               
                                                                               
                                                             
   89 000000C4 00000000        DCD              I2C2_EV_IRQHandler ; I2C2 Event
                                                                               
                                                                               
                                                                   
   90 000000C8 00000000        DCD              RFU4_IRQHandler ; Reserved     
                                                                               
                                                                               
                                                                
   91 000000CC 00000000        DCD              SPI1_IRQHandler ; SPI1         
                                                                               
                                                                            
   92 000000D0 00000000        DCD              SPI2_IRQHandler ; SPI2         
                                                                               
                                                                            
   93 000000D4 00000000        DCD              USART1_IRQHandler ; USART1     
                                                                               
                                                                              
   94 000000D8 00000000        DCD              USART2_IRQHandler ; USART2     
                                                                               
                                                                              
   95 000000DC 00000000        DCD              USART3_IRQHandler ; USART3     
                                                                               
                                                                              
   96 000000E0 00000000        DCD              EXTI15_10_IRQHandler ; External
                                                             Line[15:10]s      
                                                                               
                                                                     
   97 000000E4 00000000        DCD              RTC_Alarm_IRQHandler ; RTC Alar
                                                            m (A and B) through
                                                             EXTI Line         
                                                                     
   98 000000E8 00000000        DCD              USBWakeUp_IRQHandler ; USB Wake
                                                            up through EXTI lin
                                                            e                  
                                                                  
   99 000000EC 00000000        DCD              TIM8_BRK_IRQHandler ; TIM8 Brea
                                                            k               
  100 000000F0 00000000        DCD              TIM8_UP_IRQHandler ; TIM8 Updat



ARM Macro Assembler    Page 5 


                                                            e                
  101 000000F4 00000000        DCD              TIM8_TRG_COM_IRQHandler ; TIM8 
                                                            Trigger and Commuta
                                                            tion
  102 000000F8 00000000        DCD              TIM8_CC_IRQHandler ; TIM8 Captu
                                                            re Compare         
                                                                               
                                                                   
  103 000000FC 00000000        DCD              DMA1_Stream7_IRQHandler ; DMA1 
                                                            Stream7            
                                                                               
                                                                        
  104 00000100 00000000        DCD              FSMC_IRQHandler ; FSMC         
                                                                               
                                                                            
  105 00000104 00000000        DCD              SDIO_IRQHandler ; SDIO         
                                                                               
                                                                            
  106 00000108 00000000        DCD              TIM5_IRQHandler ; TIM5         
                                                                               
                                                                          
  107 0000010C 00000000        DCD              SPI3_IRQHandler ; SPI3         
                                                                               
                                                                            
  108 00000110 00000000        DCD              UART4_IRQHandler ; UART4       
                                                                               
                                                                             
  109 00000114 00000000        DCD              UART5_IRQHandler ; UART5       
                                                                               
                                                                             
  110 00000118 00000000        DCD              TIM6_IRQHandler ; TIM6         
                                                                      
  111 0000011C 00000000        DCD              TIM7_IRQHandler ; TIM7         
                                                                      
  112 00000120 00000000        DCD              TIM9_IRQHandler ; TIM9         
                                                                               
                                                                
  113 00000124 00000000        DCD              TIM10_IRQHandler ; TIM10       
                                                                               
                                                                     
  114 00000128 00000000        DCD              RFU5_IRQHandler ; Reserved     
                                                                               
                                                                      
  115 0000012C 00000000        DCD              VC0_IRQHandler ; VC0           
                                                                               
                                                                 
  116 00000130 00000000        DCD              VC1_IRQHandler ; VC1           
                                                                               
                                                              
  117 00000134 00000000        DCD              VC2_IRQHandler ; VC2           
                                                                               
                                                                      
  118 00000138 00000000        DCD              VC_Wakeup_IRQHandler ; VC Wakeu
                                                            p                  
                                                                
  119 0000013C 00000000        DCD              RFU6_IRQHandler ; Reserved     
                                                                               
                                                                               
                                                                 



ARM Macro Assembler    Page 6 


  120 00000140 00000000        DCD              RFU7_IRQHandler ; Reserved     
                                                                               
                                                                               
                                                                
  121 00000144 00000000        DCD              RFU8_IRQHandler ; Reserved     
                                                                               
                                                                               
                                                                
  122 00000148 00000000        DCD              RFU9_IRQHandler ; Reserved     
                                                                               
                                                                               
                                                                
  123 0000014C 00000000        DCD              USB_LP_IRQHandler ; USB LP     
                                                                               
                                                                       
  124 00000150 00000000        DCD              USB_HP_IRQHandler ; USB HP     
                                                                               
                                                                       
  125 00000154 00000000        DCD              RFU10_IRQHandler ; Reserved    
                                                                               
                                                                       
  126 00000158 00000000        DCD              RFU11_IRQHandler ; Reserved    
                                                                               
                                                                     
  127 0000015C 00000000        DCD              RFU12_IRQHandler ; Reserved    
                                                                               
                                                                             
  128 00000160 00000000        DCD              RFU13_IRQHandler ; Reserved    
                                                                               
                                                                               
                                                                
  129 00000164 00000000        DCD              RFU14_IRQHandler ; Reserved    
                                                                               
                                                                               
                                                              
  130 00000168 00000000        DCD              RFU15_IRQHandler ; Reserved    
                                                                             
  131 0000016C 00000000        DCD              RFU16_IRQHandler ; Reserved    
                                                                           
  132 00000170 00000000        DCD              RFU17_IRQHandler ; Reserved    
                                                                            
  133 00000174 00000000        DCD              RFU18_IRQHandler ; Reserved    
                                                                               
                                                                          
  134 00000178 00000000        DCD              RFU19_IRQHandler ; Reserved    
                                                                               
                                                                               
                                                            
  135 0000017C 00000000        DCD              RFU20_IRQHandler ; Reserved    
                                                                               
                                                                      
  136 00000180 00000000        DCD              MOU_IRQHandler ; MOU
  137 00000184 00000000        DCD              FPU_IRQHandler ; FPU
  138 00000188         
  139 00000188         __Vectors_End
  140 00000188         
  141 00000188 00000188 
                       __Vectors_Size
                               EQU              __Vectors_End - __Vectors



ARM Macro Assembler    Page 7 


  142 00000188         
  143 00000188                 AREA             |.text|, CODE, READONLY
  144 00000000         
  145 00000000         ; Reset handler
  146 00000000         Reset_Handler
                               PROC
  147 00000000                 EXPORT           Reset_Handler             [WEAK
]
  148 00000000         ;IMPORT  SystemInit
  149 00000000                 IMPORT           __main
  150 00000000 480A            LDR              R0, =0xE000ED88 ;Ćô¶ŻFPU
  151 00000002 6801            LDR              R1, [R0]
  152 00000004 F441 0170       ORR              R1, R1, #(0xF << 20)
  153 00000008 6001            STR              R1, [R0]
  154 0000000A F3BF 8F4F       DSB                          ;"µČŁˇËůÓĐÇ°ĂćµÄÄÚ´
                                                            ćĐ´Č«˛żÍęłÉŁ¬ÔŮÍůĎÂ
                                                            ×ß"
  155 0000000E F3BF 8F6F       ISB                          ;"ÇĺżŐÖ¸ÁîÁ÷Ë®ĎßŁ¬Ö
                                                            ŘĐÂČˇÖ¸"
  156 00000012         
  157 00000012         ;LDR     R0, =SystemInit  ;ĽÄ´ćĆ÷´úÂë,Î´ÓĂµ˝,ĆÁ±Î
  158 00000012         ;BLX     R0     ;ĽÄ´ćĆ÷´úÂë,Î´ÓĂµ˝,ĆÁ±Î
  159 00000012 4807            LDR              R0, =__main
  160 00000014 4700            BX               R0
  161 00000016                 ENDP
  162 00000016         
  163 00000016         ; Dummy Exception Handlers (infinite loops which can be 
                       modified)
  164 00000016         
  165 00000016         NMI_Handler
                               PROC
  166 00000016                 EXPORT           NMI_Handler                [WEA
K]
  167 00000016 E7FE            B                .
  168 00000018                 ENDP
  170 00000018         HardFault_Handler
                               PROC
  171 00000018                 EXPORT           HardFault_Handler          [WEA
K]
  172 00000018 E7FE            B                .
  173 0000001A                 ENDP
  175 0000001A         MemManage_Handler
                               PROC
  176 0000001A                 EXPORT           MemManage_Handler          [WEA
K]
  177 0000001A E7FE            B                .
  178 0000001C                 ENDP
  180 0000001C         BusFault_Handler
                               PROC
  181 0000001C                 EXPORT           BusFault_Handler           [WEA
K]
  182 0000001C E7FE            B                .
  183 0000001E                 ENDP
  185 0000001E         UsageFault_Handler
                               PROC
  186 0000001E                 EXPORT           UsageFault_Handler         [WEA
K]
  187 0000001E E7FE            B                .
  188 00000020                 ENDP



ARM Macro Assembler    Page 8 


  189 00000020         SVC_Handler
                               PROC
  190 00000020                 EXPORT           SVC_Handler                [WEA
K]
  191 00000020 E7FE            B                .
  192 00000022                 ENDP
  194 00000022         DebugMon_Handler
                               PROC
  195 00000022                 EXPORT           DebugMon_Handler           [WEA
K]
  196 00000022 E7FE            B                .
  197 00000024                 ENDP
  198 00000024         PendSV_Handler
                               PROC
  199 00000024                 EXPORT           PendSV_Handler             [WEA
K]
  200 00000024 E7FE            B                .
  201 00000026                 ENDP
  202 00000026         SysTick_Handler
                               PROC
  203 00000026                 EXPORT           SysTick_Handler            [WEA
K]
  204 00000026 E7FE            B                .
  205 00000028                 ENDP
  206 00000028         
  207 00000028         Default_Handler
                               PROC
  208 00000028         
  209 00000028                 EXPORT           WWDG_IRQHandler                
   [WEAK]
  210 00000028                 EXPORT           PVD_IRQHandler                 
   [WEAK]
  211 00000028                 EXPORT           TAMP_STAMP_IRQHandler          
   [WEAK]
  212 00000028                 EXPORT           RTC_WKUP_IRQHandler            
   [WEAK]
  213 00000028                 EXPORT           FLASH_IRQHandler               
   [WEAK]
  214 00000028                 EXPORT           RCC_IRQHandler                 
   [WEAK]
  215 00000028                 EXPORT           EXTI0_IRQHandler               
   [WEAK]
  216 00000028                 EXPORT           EXTI1_IRQHandler               
   [WEAK]
  217 00000028                 EXPORT           EXTI2_IRQHandler               
   [WEAK]
  218 00000028                 EXPORT           EXTI3_IRQHandler               
   [WEAK]
  219 00000028                 EXPORT           EXTI4_IRQHandler               
   [WEAK]
  220 00000028                 EXPORT           DMA1_Stream0_IRQHandler        
   [WEAK]
  221 00000028                 EXPORT           DMA1_Stream1_IRQHandler        
   [WEAK]
  222 00000028                 EXPORT           DMA1_Stream2_IRQHandler        
   [WEAK]
  223 00000028                 EXPORT           DMA1_Stream3_IRQHandler        
   [WEAK]
  224 00000028                 EXPORT           DMA1_Stream4_IRQHandler        



ARM Macro Assembler    Page 9 


   [WEAK]
  225 00000028                 EXPORT           DMA1_Stream5_IRQHandler        
   [WEAK]
  226 00000028                 EXPORT           DMA1_Stream6_IRQHandler        
   [WEAK]
  227 00000028                 EXPORT           ADC_IRQHandler                 
   [WEAK]
  228 00000028                 EXPORT           RFU1_IRQHandler                
   [WEAK]
  229 00000028                 EXPORT           RFU2_IRQHandler                
  [WEAK]
  230 00000028                 EXPORT           CAN1_INT0_IRQHandler           
   [WEAK]
  231 00000028                 EXPORT           CAN1_INT1_IRQHandler           
   [WEAK]
  232 00000028                 EXPORT           EXTI9_5_IRQHandler             
   [WEAK]
  233 00000028                 EXPORT           TIM1_BRK_IRQHandler            
 [WEAK]
  234 00000028                 EXPORT           TIM1_UP_IRQHandler             
[WEAK]
  235 00000028                 EXPORT           TIM1_TRG_COM_IRQHandler        
[WEAK]
  236 00000028                 EXPORT           TIM1_CC_IRQHandler             
   [WEAK]
  237 00000028                 EXPORT           TIM2_IRQHandler                
   [WEAK]
  238 00000028                 EXPORT           TIM3_IRQHandler                
   [WEAK]
  239 00000028                 EXPORT           TIM4_IRQHandler                
   [WEAK]
  240 00000028                 EXPORT           I2C1_EV_IRQHandler             
   [WEAK]
  241 00000028                 EXPORT           RFU3_IRQHandler                
   [WEAK]
  242 00000028                 EXPORT           I2C2_EV_IRQHandler             
   [WEAK]
  243 00000028                 EXPORT           RFU4_IRQHandler                
   [WEAK]
  244 00000028                 EXPORT           SPI1_IRQHandler                
   [WEAK]
  245 00000028                 EXPORT           SPI2_IRQHandler                
   [WEAK]
  246 00000028                 EXPORT           USART1_IRQHandler              
   [WEAK]
  247 00000028                 EXPORT           USART2_IRQHandler              
   [WEAK]
  248 00000028                 EXPORT           USART3_IRQHandler              
   [WEAK]
  249 00000028                 EXPORT           EXTI15_10_IRQHandler           
   [WEAK]
  250 00000028                 EXPORT           RTC_Alarm_IRQHandler           
   [WEAK]
  251 00000028                 EXPORT           USBWakeUp_IRQHandler           
   [WEAK]
  252 00000028                 EXPORT           TIM8_BRK_IRQHandler            
[WEAK]
  253 00000028                 EXPORT           TIM8_UP_IRQHandler             
[WEAK]



ARM Macro Assembler    Page 10 


  254 00000028                 EXPORT           TIM8_TRG_COM_IRQHandler        
[WEAK]
  255 00000028                 EXPORT           TIM8_CC_IRQHandler             
   [WEAK]
  256 00000028                 EXPORT           DMA1_Stream7_IRQHandler        
   [WEAK]
  257 00000028                 EXPORT           FSMC_IRQHandler                
   [WEAK]
  258 00000028                 EXPORT           SDIO_IRQHandler                
   [WEAK]
  259 00000028                 EXPORT           TIM5_IRQHandler                
   [WEAK]
  260 00000028                 EXPORT           SPI3_IRQHandler                
   [WEAK]
  261 00000028                 EXPORT           UART4_IRQHandler               
   [WEAK]
  262 00000028                 EXPORT           UART5_IRQHandler               
   [WEAK]
  263 00000028                 EXPORT           TIM6_IRQHandler                
  [WEAK]
  264 00000028                 EXPORT           TIM7_IRQHandler                
   [WEAK]
  265 00000028                 EXPORT           TIM9_IRQHandler               [
WEAK]
  266 00000028                 EXPORT           TIM10_IRQHandler               
[WEAK]
  267 00000028                 EXPORT           RFU5_IRQHandler               [
WEAK]
  268 00000028                 EXPORT           VC0_IRQHandler               [W
EAK]
  269 00000028                 EXPORT           VC1_IRQHandler               [W
EAK]
  270 00000028                 EXPORT           VC2_IRQHandler                 
   [WEAK]
  271 00000028                 EXPORT           VC_Wakeup_IRQHandler           
   [WEAK]
  272 00000028                 EXPORT           RFU6_IRQHandler                
   [WEAK]
  273 00000028                 EXPORT           RFU7_IRQHandler                
  [WEAK]
  274 00000028                 EXPORT           RFU8_IRQHandler                
  [WEAK]
  275 00000028                 EXPORT           RFU9_IRQHandler                
  [WEAK]
  276 00000028                 EXPORT           USB_LP_IRQHandler              
   [WEAK]
  277 00000028                 EXPORT           USB_HP_IRQHandler              
[WEAK]
  278 00000028                 EXPORT           RFU10_IRQHandler               
[WEAK]
  279 00000028                 EXPORT           RFU11_IRQHandler               
[WEAK]
  280 00000028                 EXPORT           RFU12_IRQHandler               
   [WEAK]
  281 00000028                 EXPORT           RFU13_IRQHandler               
   [WEAK]
  282 00000028                 EXPORT           RFU14_IRQHandler               
   [WEAK]
  283 00000028                 EXPORT           RFU15_IRQHandler             [W



ARM Macro Assembler    Page 11 


EAK]
  284 00000028                 EXPORT           RFU16_IRQHandler              [
WEAK]
  285 00000028                 EXPORT           RFU17_IRQHandler               
[WEAK]
  286 00000028                 EXPORT           RFU18_IRQHandler               
   [WEAK]
  287 00000028                 EXPORT           RFU19_IRQHandler               
   [WEAK]
  288 00000028                 EXPORT           RFU20_IRQHandler               
   [WEAK]
  289 00000028                 EXPORT           MOU_IRQHandler                 
 [WEAK]
  290 00000028                 EXPORT           FPU_IRQHandler                 
   [WEAK]
  291 00000028         
  292 00000028         WWDG_IRQHandler
  293 00000028         PVD_IRQHandler
  294 00000028         TAMP_STAMP_IRQHandler
  295 00000028         RTC_WKUP_IRQHandler
  296 00000028         FLASH_IRQHandler
  297 00000028         RCC_IRQHandler
  298 00000028         EXTI0_IRQHandler
  299 00000028         EXTI1_IRQHandler
  300 00000028         EXTI2_IRQHandler
  301 00000028         EXTI3_IRQHandler
  302 00000028         EXTI4_IRQHandler
  303 00000028         DMA1_Stream0_IRQHandler
  304 00000028         DMA1_Stream1_IRQHandler
  305 00000028         DMA1_Stream2_IRQHandler
  306 00000028         DMA1_Stream3_IRQHandler
  307 00000028         DMA1_Stream4_IRQHandler
  308 00000028         DMA1_Stream5_IRQHandler
  309 00000028         DMA1_Stream6_IRQHandler
  310 00000028         ADC_IRQHandler
  311 00000028         RFU1_IRQHandler
  312 00000028         RFU2_IRQHandler
  313 00000028         CAN1_INT0_IRQHandler
  314 00000028         CAN1_INT1_IRQHandler
  315 00000028         EXTI9_5_IRQHandler
  316 00000028         TIM1_BRK_IRQHandler
  317 00000028         TIM1_UP_IRQHandler
  318 00000028         TIM1_TRG_COM_IRQHandler
  319 00000028         TIM1_CC_IRQHandler
  320 00000028         TIM2_IRQHandler
  321 00000028         TIM3_IRQHandler
  322 00000028         TIM4_IRQHandler
  323 00000028         I2C1_EV_IRQHandler
  324 00000028         RFU3_IRQHandler
  325 00000028         I2C2_EV_IRQHandler
  326 00000028         RFU4_IRQHandler
  327 00000028         SPI1_IRQHandler
  328 00000028         SPI2_IRQHandler
  329 00000028         USART1_IRQHandler
  330 00000028         USART2_IRQHandler
  331 00000028         USART3_IRQHandler
  332 00000028         EXTI15_10_IRQHandler
  333 00000028         RTC_Alarm_IRQHandler
  334 00000028         USBWakeUp_IRQHandler



ARM Macro Assembler    Page 12 


  335 00000028         TIM8_BRK_IRQHandler
  336 00000028         TIM8_UP_IRQHandler
  337 00000028         TIM8_TRG_COM_IRQHandler
  338 00000028         TIM8_CC_IRQHandler
  339 00000028         DMA1_Stream7_IRQHandler
  340 00000028         FSMC_IRQHandler
  341 00000028         SDIO_IRQHandler
  342 00000028         TIM5_IRQHandler
  343 00000028         SPI3_IRQHandler
  344 00000028         UART4_IRQHandler
  345 00000028         UART5_IRQHandler
  346 00000028         TIM6_IRQHandler
  347 00000028         TIM7_IRQHandler
  348 00000028         TIM9_IRQHandler
  349 00000028         TIM10_IRQHandler
  350 00000028         RFU5_IRQHandler
  351 00000028         VC0_IRQHandler
  352 00000028         VC1_IRQHandler
  353 00000028         VC2_IRQHandler
  354 00000028         VC_Wakeup_IRQHandler
  355 00000028         RFU6_IRQHandler
  356 00000028         RFU7_IRQHandler
  357 00000028         RFU8_IRQHandler
  358 00000028         RFU9_IRQHandler
  359 00000028         USB_LP_IRQHandler
  360 00000028         USB_HP_IRQHandler
  361 00000028         RFU10_IRQHandler
  362 00000028         RFU11_IRQHandler
  363 00000028         RFU12_IRQHandler
  364 00000028         RFU13_IRQHandler
  365 00000028         RFU14_IRQHandler
  366 00000028         RFU15_IRQHandler
  367 00000028         RFU16_IRQHandler
  368 00000028         RFU17_IRQHandler
  369 00000028         RFU18_IRQHandler
  370 00000028         RFU19_IRQHandler
  371 00000028         RFU20_IRQHandler
  372 00000028         MOU_IRQHandler
  373 00000028         FPU_IRQHandler
  374 00000028         
  375 00000028 E7FE            B                .
  376 0000002A         
  377 0000002A                 ENDP
  378 0000002A         
  379 0000002A 00 00           ALIGN
  380 0000002C         
  381 0000002C         ;*******************************************************
                       ************************
  382 0000002C         ; User Stack and Heap initialization
  383 0000002C         ;*******************************************************
                       ************************
  384 0000002C                 IF               :DEF:__MICROLIB
  385 0000002C         
  386 0000002C                 EXPORT           __initial_sp
  387 0000002C                 EXPORT           __heap_base
  388 0000002C                 EXPORT           __heap_limit
  389 0000002C         
  390 0000002C                 ELSE
  405                          ENDIF



ARM Macro Assembler    Page 13 


  406 0000002C         
  407 0000002C                 END
              E000ED88 
              00000000 
Command Line: --debug --xref --diag_suppress=9931 --cpu=Cortex-M4.fp.sp --apcs=
interwork --depend=..\..\output\startup_hc32f40_41xxx.d -o..\..\output\startup_
hc32f40_41xxx.o -IC:\Tools\Keil\Keil_MDK536\ARM\PACK\HolyChip\HC32F4XX\1.0.6\De
vice\CMSIS\Device\Holychip\HC32F401\Include --predefine="__MICROLIB SETA 1" --p
redefine="__UVISION_VERSION SETA 536" --list=..\..\listing\startup_hc32f40_41xx
x.lst ..\..\Libraries\CMSIS\startup\startup_hc32f40_41xxx.s



ARM Macro Assembler    Page 1 Alphabetic symbol ordering
Relocatable symbols

STACK 00000000

Symbol: STACK
   Definitions
      At line 12 in file ..\..\Libraries\CMSIS\startup\startup_hc32f40_41xxx.s
   Uses
      None
Comment: STACK unused
Stack_Mem 00000000

Symbol: Stack_Mem
   Definitions
      At line 13 in file ..\..\Libraries\CMSIS\startup\startup_hc32f40_41xxx.s
   Uses
      None
Comment: Stack_Mem unused
__initial_sp 00004000

Symbol: __initial_sp
   Definitions
      At line 14 in file ..\..\Libraries\CMSIS\startup\startup_hc32f40_41xxx.s
   Uses
      At line 38 in file ..\..\Libraries\CMSIS\startup\startup_hc32f40_41xxx.s
      At line 386 in file ..\..\Libraries\CMSIS\startup\startup_hc32f40_41xxx.s

3 symbols



ARM Macro Assembler    Page 1 Alphabetic symbol ordering
Relocatable symbols

HEAP 00000000

Symbol: HEAP
   Definitions
      At line 23 in file ..\..\Libraries\CMSIS\startup\startup_hc32f40_41xxx.s
   Uses
      None
Comment: HEAP unused
Heap_Mem 00000000

Symbol: Heap_Mem
   Definitions
      At line 25 in file ..\..\Libraries\CMSIS\startup\startup_hc32f40_41xxx.s
   Uses
      None
Comment: Heap_Mem unused
__heap_base 00000000

Symbol: __heap_base
   Definitions
      At line 24 in file ..\..\Libraries\CMSIS\startup\startup_hc32f40_41xxx.s
   Uses
      At line 387 in file ..\..\Libraries\CMSIS\startup\startup_hc32f40_41xxx.s
Comment: __heap_base used once
__heap_limit 00000000

Symbol: __heap_limit
   Definitions
      At line 26 in file ..\..\Libraries\CMSIS\startup\startup_hc32f40_41xxx.s
   Uses
      At line 388 in file ..\..\Libraries\CMSIS\startup\startup_hc32f40_41xxx.s
Comment: __heap_limit used once
4 symbols



ARM Macro Assembler    Page 1 Alphabetic symbol ordering
Relocatable symbols

RESET 00000000

Symbol: RESET
   Definitions
      At line 33 in file ..\..\Libraries\CMSIS\startup\startup_hc32f40_41xxx.s
   Uses
      None
Comment: RESET unused
__Vectors 00000000

Symbol: __Vectors
   Definitions
      At line 38 in file ..\..\Libraries\CMSIS\startup\startup_hc32f40_41xxx.s
   Uses
      At line 34 in file ..\..\Libraries\CMSIS\startup\startup_hc32f40_41xxx.s
      At line 141 in file ..\..\Libraries\CMSIS\startup\startup_hc32f40_41xxx.s

__Vectors_End 00000188

Symbol: __Vectors_End
   Definitions
      At line 139 in file ..\..\Libraries\CMSIS\startup\startup_hc32f40_41xxx.s
   Uses
      At line 35 in file ..\..\Libraries\CMSIS\startup\startup_hc32f40_41xxx.s
      At line 141 in file ..\..\Libraries\CMSIS\startup\startup_hc32f40_41xxx.s

3 symbols



ARM Macro Assembler    Page 1 Alphabetic symbol ordering
Relocatable symbols

.text 00000000

Symbol: .text
   Definitions
      At line 143 in file ..\..\Libraries\CMSIS\startup\startup_hc32f40_41xxx.s
   Uses
      None
Comment: .text unused
ADC_IRQHandler 00000028

Symbol: ADC_IRQHandler
   Definitions
      At line 310 in file ..\..\Libraries\CMSIS\startup\startup_hc32f40_41xxx.s
   Uses
      At line 74 in file ..\..\Libraries\CMSIS\startup\startup_hc32f40_41xxx.s
      At line 227 in file ..\..\Libraries\CMSIS\startup\startup_hc32f40_41xxx.s

BusFault_Handler 0000001C

Symbol: BusFault_Handler
   Definitions
      At line 180 in file ..\..\Libraries\CMSIS\startup\startup_hc32f40_41xxx.s
   Uses
      At line 43 in file ..\..\Libraries\CMSIS\startup\startup_hc32f40_41xxx.s
      At line 181 in file ..\..\Libraries\CMSIS\startup\startup_hc32f40_41xxx.s

CAN1_INT0_IRQHandler 00000028

Symbol: CAN1_INT0_IRQHandler
   Definitions
      At line 313 in file ..\..\Libraries\CMSIS\startup\startup_hc32f40_41xxx.s
   Uses
      At line 77 in file ..\..\Libraries\CMSIS\startup\startup_hc32f40_41xxx.s
      At line 230 in file ..\..\Libraries\CMSIS\startup\startup_hc32f40_41xxx.s

CAN1_INT1_IRQHandler 00000028

Symbol: CAN1_INT1_IRQHandler
   Definitions
      At line 314 in file ..\..\Libraries\CMSIS\startup\startup_hc32f40_41xxx.s
   Uses
      At line 78 in file ..\..\Libraries\CMSIS\startup\startup_hc32f40_41xxx.s
      At line 231 in file ..\..\Libraries\CMSIS\startup\startup_hc32f40_41xxx.s

DMA1_Stream0_IRQHandler 00000028

Symbol: DMA1_Stream0_IRQHandler
   Definitions
      At line 303 in file ..\..\Libraries\CMSIS\startup\startup_hc32f40_41xxx.s
   Uses
      At line 67 in file ..\..\Libraries\CMSIS\startup\startup_hc32f40_41xxx.s
      At line 220 in file ..\..\Libraries\CMSIS\startup\startup_hc32f40_41xxx.s

DMA1_Stream1_IRQHandler 00000028

Symbol: DMA1_Stream1_IRQHandler
   Definitions
      At line 304 in file ..\..\Libraries\CMSIS\startup\startup_hc32f40_41xxx.s
   Uses



ARM Macro Assembler    Page 2 Alphabetic symbol ordering
Relocatable symbols

      At line 68 in file ..\..\Libraries\CMSIS\startup\startup_hc32f40_41xxx.s
      At line 221 in file ..\..\Libraries\CMSIS\startup\startup_hc32f40_41xxx.s

DMA1_Stream2_IRQHandler 00000028

Symbol: DMA1_Stream2_IRQHandler
   Definitions
      At line 305 in file ..\..\Libraries\CMSIS\startup\startup_hc32f40_41xxx.s
   Uses
      At line 69 in file ..\..\Libraries\CMSIS\startup\startup_hc32f40_41xxx.s
      At line 222 in file ..\..\Libraries\CMSIS\startup\startup_hc32f40_41xxx.s

DMA1_Stream3_IRQHandler 00000028

Symbol: DMA1_Stream3_IRQHandler
   Definitions
      At line 306 in file ..\..\Libraries\CMSIS\startup\startup_hc32f40_41xxx.s
   Uses
      At line 70 in file ..\..\Libraries\CMSIS\startup\startup_hc32f40_41xxx.s
      At line 223 in file ..\..\Libraries\CMSIS\startup\startup_hc32f40_41xxx.s

DMA1_Stream4_IRQHandler 00000028

Symbol: DMA1_Stream4_IRQHandler
   Definitions
      At line 307 in file ..\..\Libraries\CMSIS\startup\startup_hc32f40_41xxx.s
   Uses
      At line 71 in file ..\..\Libraries\CMSIS\startup\startup_hc32f40_41xxx.s
      At line 224 in file ..\..\Libraries\CMSIS\startup\startup_hc32f40_41xxx.s

DMA1_Stream5_IRQHandler 00000028

Symbol: DMA1_Stream5_IRQHandler
   Definitions
      At line 308 in file ..\..\Libraries\CMSIS\startup\startup_hc32f40_41xxx.s
   Uses
      At line 72 in file ..\..\Libraries\CMSIS\startup\startup_hc32f40_41xxx.s
      At line 225 in file ..\..\Libraries\CMSIS\startup\startup_hc32f40_41xxx.s

DMA1_Stream6_IRQHandler 00000028

Symbol: DMA1_Stream6_IRQHandler
   Definitions
      At line 309 in file ..\..\Libraries\CMSIS\startup\startup_hc32f40_41xxx.s
   Uses
      At line 73 in file ..\..\Libraries\CMSIS\startup\startup_hc32f40_41xxx.s
      At line 226 in file ..\..\Libraries\CMSIS\startup\startup_hc32f40_41xxx.s

DMA1_Stream7_IRQHandler 00000028

Symbol: DMA1_Stream7_IRQHandler
   Definitions
      At line 339 in file ..\..\Libraries\CMSIS\startup\startup_hc32f40_41xxx.s
   Uses
      At line 103 in file ..\..\Libraries\CMSIS\startup\startup_hc32f40_41xxx.s
      At line 256 in file ..\..\Libraries\CMSIS\startup\startup_hc32f40_41xxx.s

DebugMon_Handler 00000022




ARM Macro Assembler    Page 3 Alphabetic symbol ordering
Relocatable symbols

Symbol: DebugMon_Handler
   Definitions
      At line 194 in file ..\..\Libraries\CMSIS\startup\startup_hc32f40_41xxx.s
   Uses
      At line 50 in file ..\..\Libraries\CMSIS\startup\startup_hc32f40_41xxx.s
      At line 195 in file ..\..\Libraries\CMSIS\startup\startup_hc32f40_41xxx.s

Default_Handler 00000028

Symbol: Default_Handler
   Definitions
      At line 207 in file ..\..\Libraries\CMSIS\startup\startup_hc32f40_41xxx.s
   Uses
      None
Comment: Default_Handler unused
EXTI0_IRQHandler 00000028

Symbol: EXTI0_IRQHandler
   Definitions
      At line 298 in file ..\..\Libraries\CMSIS\startup\startup_hc32f40_41xxx.s
   Uses
      At line 62 in file ..\..\Libraries\CMSIS\startup\startup_hc32f40_41xxx.s
      At line 215 in file ..\..\Libraries\CMSIS\startup\startup_hc32f40_41xxx.s

EXTI15_10_IRQHandler 00000028

Symbol: EXTI15_10_IRQHandler
   Definitions
      At line 332 in file ..\..\Libraries\CMSIS\startup\startup_hc32f40_41xxx.s
   Uses
      At line 96 in file ..\..\Libraries\CMSIS\startup\startup_hc32f40_41xxx.s
      At line 249 in file ..\..\Libraries\CMSIS\startup\startup_hc32f40_41xxx.s

EXTI1_IRQHandler 00000028

Symbol: EXTI1_IRQHandler
   Definitions
      At line 299 in file ..\..\Libraries\CMSIS\startup\startup_hc32f40_41xxx.s
   Uses
      At line 63 in file ..\..\Libraries\CMSIS\startup\startup_hc32f40_41xxx.s
      At line 216 in file ..\..\Libraries\CMSIS\startup\startup_hc32f40_41xxx.s

EXTI2_IRQHandler 00000028

Symbol: EXTI2_IRQHandler
   Definitions
      At line 300 in file ..\..\Libraries\CMSIS\startup\startup_hc32f40_41xxx.s
   Uses
      At line 64 in file ..\..\Libraries\CMSIS\startup\startup_hc32f40_41xxx.s
      At line 217 in file ..\..\Libraries\CMSIS\startup\startup_hc32f40_41xxx.s

EXTI3_IRQHandler 00000028

Symbol: EXTI3_IRQHandler
   Definitions
      At line 301 in file ..\..\Libraries\CMSIS\startup\startup_hc32f40_41xxx.s
   Uses
      At line 65 in file ..\..\Libraries\CMSIS\startup\startup_hc32f40_41xxx.s
      At line 218 in file ..\..\Libraries\CMSIS\startup\startup_hc32f40_41xxx.s



ARM Macro Assembler    Page 4 Alphabetic symbol ordering
Relocatable symbols


EXTI4_IRQHandler 00000028

Symbol: EXTI4_IRQHandler
   Definitions
      At line 302 in file ..\..\Libraries\CMSIS\startup\startup_hc32f40_41xxx.s
   Uses
      At line 66 in file ..\..\Libraries\CMSIS\startup\startup_hc32f40_41xxx.s
      At line 219 in file ..\..\Libraries\CMSIS\startup\startup_hc32f40_41xxx.s

EXTI9_5_IRQHandler 00000028

Symbol: EXTI9_5_IRQHandler
   Definitions
      At line 315 in file ..\..\Libraries\CMSIS\startup\startup_hc32f40_41xxx.s
   Uses
      At line 79 in file ..\..\Libraries\CMSIS\startup\startup_hc32f40_41xxx.s
      At line 232 in file ..\..\Libraries\CMSIS\startup\startup_hc32f40_41xxx.s

FLASH_IRQHandler 00000028

Symbol: FLASH_IRQHandler
   Definitions
      At line 296 in file ..\..\Libraries\CMSIS\startup\startup_hc32f40_41xxx.s
   Uses
      At line 60 in file ..\..\Libraries\CMSIS\startup\startup_hc32f40_41xxx.s
      At line 213 in file ..\..\Libraries\CMSIS\startup\startup_hc32f40_41xxx.s

FPU_IRQHandler 00000028

Symbol: FPU_IRQHandler
   Definitions
      At line 373 in file ..\..\Libraries\CMSIS\startup\startup_hc32f40_41xxx.s
   Uses
      At line 137 in file ..\..\Libraries\CMSIS\startup\startup_hc32f40_41xxx.s
      At line 290 in file ..\..\Libraries\CMSIS\startup\startup_hc32f40_41xxx.s

FSMC_IRQHandler 00000028

Symbol: FSMC_IRQHandler
   Definitions
      At line 340 in file ..\..\Libraries\CMSIS\startup\startup_hc32f40_41xxx.s
   Uses
      At line 104 in file ..\..\Libraries\CMSIS\startup\startup_hc32f40_41xxx.s
      At line 257 in file ..\..\Libraries\CMSIS\startup\startup_hc32f40_41xxx.s

HardFault_Handler 00000018

Symbol: HardFault_Handler
   Definitions
      At line 170 in file ..\..\Libraries\CMSIS\startup\startup_hc32f40_41xxx.s
   Uses
      At line 41 in file ..\..\Libraries\CMSIS\startup\startup_hc32f40_41xxx.s
      At line 171 in file ..\..\Libraries\CMSIS\startup\startup_hc32f40_41xxx.s

I2C1_EV_IRQHandler 00000028

Symbol: I2C1_EV_IRQHandler
   Definitions



ARM Macro Assembler    Page 5 Alphabetic symbol ordering
Relocatable symbols

      At line 323 in file ..\..\Libraries\CMSIS\startup\startup_hc32f40_41xxx.s
   Uses
      At line 87 in file ..\..\Libraries\CMSIS\startup\startup_hc32f40_41xxx.s
      At line 240 in file ..\..\Libraries\CMSIS\startup\startup_hc32f40_41xxx.s

I2C2_EV_IRQHandler 00000028

Symbol: I2C2_EV_IRQHandler
   Definitions
      At line 325 in file ..\..\Libraries\CMSIS\startup\startup_hc32f40_41xxx.s
   Uses
      At line 89 in file ..\..\Libraries\CMSIS\startup\startup_hc32f40_41xxx.s
      At line 242 in file ..\..\Libraries\CMSIS\startup\startup_hc32f40_41xxx.s

MOU_IRQHandler 00000028

Symbol: MOU_IRQHandler
   Definitions
      At line 372 in file ..\..\Libraries\CMSIS\startup\startup_hc32f40_41xxx.s
   Uses
      At line 136 in file ..\..\Libraries\CMSIS\startup\startup_hc32f40_41xxx.s
      At line 289 in file ..\..\Libraries\CMSIS\startup\startup_hc32f40_41xxx.s

MemManage_Handler 0000001A

Symbol: MemManage_Handler
   Definitions
      At line 175 in file ..\..\Libraries\CMSIS\startup\startup_hc32f40_41xxx.s
   Uses
      At line 42 in file ..\..\Libraries\CMSIS\startup\startup_hc32f40_41xxx.s
      At line 176 in file ..\..\Libraries\CMSIS\startup\startup_hc32f40_41xxx.s

NMI_Handler 00000016

Symbol: NMI_Handler
   Definitions
      At line 165 in file ..\..\Libraries\CMSIS\startup\startup_hc32f40_41xxx.s
   Uses
      At line 40 in file ..\..\Libraries\CMSIS\startup\startup_hc32f40_41xxx.s
      At line 166 in file ..\..\Libraries\CMSIS\startup\startup_hc32f40_41xxx.s

PVD_IRQHandler 00000028

Symbol: PVD_IRQHandler
   Definitions
      At line 293 in file ..\..\Libraries\CMSIS\startup\startup_hc32f40_41xxx.s
   Uses
      At line 57 in file ..\..\Libraries\CMSIS\startup\startup_hc32f40_41xxx.s
      At line 210 in file ..\..\Libraries\CMSIS\startup\startup_hc32f40_41xxx.s

PendSV_Handler 00000024

Symbol: PendSV_Handler
   Definitions
      At line 198 in file ..\..\Libraries\CMSIS\startup\startup_hc32f40_41xxx.s
   Uses
      At line 52 in file ..\..\Libraries\CMSIS\startup\startup_hc32f40_41xxx.s
      At line 199 in file ..\..\Libraries\CMSIS\startup\startup_hc32f40_41xxx.s




ARM Macro Assembler    Page 6 Alphabetic symbol ordering
Relocatable symbols

RCC_IRQHandler 00000028

Symbol: RCC_IRQHandler
   Definitions
      At line 297 in file ..\..\Libraries\CMSIS\startup\startup_hc32f40_41xxx.s
   Uses
      At line 61 in file ..\..\Libraries\CMSIS\startup\startup_hc32f40_41xxx.s
      At line 214 in file ..\..\Libraries\CMSIS\startup\startup_hc32f40_41xxx.s

RFU10_IRQHandler 00000028

Symbol: RFU10_IRQHandler
   Definitions
      At line 361 in file ..\..\Libraries\CMSIS\startup\startup_hc32f40_41xxx.s
   Uses
      At line 125 in file ..\..\Libraries\CMSIS\startup\startup_hc32f40_41xxx.s
      At line 278 in file ..\..\Libraries\CMSIS\startup\startup_hc32f40_41xxx.s

RFU11_IRQHandler 00000028

Symbol: RFU11_IRQHandler
   Definitions
      At line 362 in file ..\..\Libraries\CMSIS\startup\startup_hc32f40_41xxx.s
   Uses
      At line 126 in file ..\..\Libraries\CMSIS\startup\startup_hc32f40_41xxx.s
      At line 279 in file ..\..\Libraries\CMSIS\startup\startup_hc32f40_41xxx.s

RFU12_IRQHandler 00000028

Symbol: RFU12_IRQHandler
   Definitions
      At line 363 in file ..\..\Libraries\CMSIS\startup\startup_hc32f40_41xxx.s
   Uses
      At line 127 in file ..\..\Libraries\CMSIS\startup\startup_hc32f40_41xxx.s
      At line 280 in file ..\..\Libraries\CMSIS\startup\startup_hc32f40_41xxx.s

RFU13_IRQHandler 00000028

Symbol: RFU13_IRQHandler
   Definitions
      At line 364 in file ..\..\Libraries\CMSIS\startup\startup_hc32f40_41xxx.s
   Uses
      At line 128 in file ..\..\Libraries\CMSIS\startup\startup_hc32f40_41xxx.s
      At line 281 in file ..\..\Libraries\CMSIS\startup\startup_hc32f40_41xxx.s

RFU14_IRQHandler 00000028

Symbol: RFU14_IRQHandler
   Definitions
      At line 365 in file ..\..\Libraries\CMSIS\startup\startup_hc32f40_41xxx.s
   Uses
      At line 129 in file ..\..\Libraries\CMSIS\startup\startup_hc32f40_41xxx.s
      At line 282 in file ..\..\Libraries\CMSIS\startup\startup_hc32f40_41xxx.s

RFU15_IRQHandler 00000028

Symbol: RFU15_IRQHandler
   Definitions
      At line 366 in file ..\..\Libraries\CMSIS\startup\startup_hc32f40_41xxx.s



ARM Macro Assembler    Page 7 Alphabetic symbol ordering
Relocatable symbols

   Uses
      At line 130 in file ..\..\Libraries\CMSIS\startup\startup_hc32f40_41xxx.s
      At line 283 in file ..\..\Libraries\CMSIS\startup\startup_hc32f40_41xxx.s

RFU16_IRQHandler 00000028

Symbol: RFU16_IRQHandler
   Definitions
      At line 367 in file ..\..\Libraries\CMSIS\startup\startup_hc32f40_41xxx.s
   Uses
      At line 131 in file ..\..\Libraries\CMSIS\startup\startup_hc32f40_41xxx.s
      At line 284 in file ..\..\Libraries\CMSIS\startup\startup_hc32f40_41xxx.s

RFU17_IRQHandler 00000028

Symbol: RFU17_IRQHandler
   Definitions
      At line 368 in file ..\..\Libraries\CMSIS\startup\startup_hc32f40_41xxx.s
   Uses
      At line 132 in file ..\..\Libraries\CMSIS\startup\startup_hc32f40_41xxx.s
      At line 285 in file ..\..\Libraries\CMSIS\startup\startup_hc32f40_41xxx.s

RFU18_IRQHandler 00000028

Symbol: RFU18_IRQHandler
   Definitions
      At line 369 in file ..\..\Libraries\CMSIS\startup\startup_hc32f40_41xxx.s
   Uses
      At line 133 in file ..\..\Libraries\CMSIS\startup\startup_hc32f40_41xxx.s
      At line 286 in file ..\..\Libraries\CMSIS\startup\startup_hc32f40_41xxx.s

RFU19_IRQHandler 00000028

Symbol: RFU19_IRQHandler
   Definitions
      At line 370 in file ..\..\Libraries\CMSIS\startup\startup_hc32f40_41xxx.s
   Uses
      At line 134 in file ..\..\Libraries\CMSIS\startup\startup_hc32f40_41xxx.s
      At line 287 in file ..\..\Libraries\CMSIS\startup\startup_hc32f40_41xxx.s

RFU1_IRQHandler 00000028

Symbol: RFU1_IRQHandler
   Definitions
      At line 311 in file ..\..\Libraries\CMSIS\startup\startup_hc32f40_41xxx.s
   Uses
      At line 75 in file ..\..\Libraries\CMSIS\startup\startup_hc32f40_41xxx.s
      At line 228 in file ..\..\Libraries\CMSIS\startup\startup_hc32f40_41xxx.s

RFU20_IRQHandler 00000028

Symbol: RFU20_IRQHandler
   Definitions
      At line 371 in file ..\..\Libraries\CMSIS\startup\startup_hc32f40_41xxx.s
   Uses
      At line 135 in file ..\..\Libraries\CMSIS\startup\startup_hc32f40_41xxx.s
      At line 288 in file ..\..\Libraries\CMSIS\startup\startup_hc32f40_41xxx.s

RFU2_IRQHandler 00000028



ARM Macro Assembler    Page 8 Alphabetic symbol ordering
Relocatable symbols


Symbol: RFU2_IRQHandler
   Definitions
      At line 312 in file ..\..\Libraries\CMSIS\startup\startup_hc32f40_41xxx.s
   Uses
      At line 76 in file ..\..\Libraries\CMSIS\startup\startup_hc32f40_41xxx.s
      At line 229 in file ..\..\Libraries\CMSIS\startup\startup_hc32f40_41xxx.s

RFU3_IRQHandler 00000028

Symbol: RFU3_IRQHandler
   Definitions
      At line 324 in file ..\..\Libraries\CMSIS\startup\startup_hc32f40_41xxx.s
   Uses
      At line 88 in file ..\..\Libraries\CMSIS\startup\startup_hc32f40_41xxx.s
      At line 241 in file ..\..\Libraries\CMSIS\startup\startup_hc32f40_41xxx.s

RFU4_IRQHandler 00000028

Symbol: RFU4_IRQHandler
   Definitions
      At line 326 in file ..\..\Libraries\CMSIS\startup\startup_hc32f40_41xxx.s
   Uses
      At line 90 in file ..\..\Libraries\CMSIS\startup\startup_hc32f40_41xxx.s
      At line 243 in file ..\..\Libraries\CMSIS\startup\startup_hc32f40_41xxx.s

RFU5_IRQHandler 00000028

Symbol: RFU5_IRQHandler
   Definitions
      At line 350 in file ..\..\Libraries\CMSIS\startup\startup_hc32f40_41xxx.s
   Uses
      At line 114 in file ..\..\Libraries\CMSIS\startup\startup_hc32f40_41xxx.s
      At line 267 in file ..\..\Libraries\CMSIS\startup\startup_hc32f40_41xxx.s

RFU6_IRQHandler 00000028

Symbol: RFU6_IRQHandler
   Definitions
      At line 355 in file ..\..\Libraries\CMSIS\startup\startup_hc32f40_41xxx.s
   Uses
      At line 119 in file ..\..\Libraries\CMSIS\startup\startup_hc32f40_41xxx.s
      At line 272 in file ..\..\Libraries\CMSIS\startup\startup_hc32f40_41xxx.s

RFU7_IRQHandler 00000028

Symbol: RFU7_IRQHandler
   Definitions
      At line 356 in file ..\..\Libraries\CMSIS\startup\startup_hc32f40_41xxx.s
   Uses
      At line 120 in file ..\..\Libraries\CMSIS\startup\startup_hc32f40_41xxx.s
      At line 273 in file ..\..\Libraries\CMSIS\startup\startup_hc32f40_41xxx.s

RFU8_IRQHandler 00000028

Symbol: RFU8_IRQHandler
   Definitions
      At line 357 in file ..\..\Libraries\CMSIS\startup\startup_hc32f40_41xxx.s
   Uses



ARM Macro Assembler    Page 9 Alphabetic symbol ordering
Relocatable symbols

      At line 121 in file ..\..\Libraries\CMSIS\startup\startup_hc32f40_41xxx.s
      At line 274 in file ..\..\Libraries\CMSIS\startup\startup_hc32f40_41xxx.s

RFU9_IRQHandler 00000028

Symbol: RFU9_IRQHandler
   Definitions
      At line 358 in file ..\..\Libraries\CMSIS\startup\startup_hc32f40_41xxx.s
   Uses
      At line 122 in file ..\..\Libraries\CMSIS\startup\startup_hc32f40_41xxx.s
      At line 275 in file ..\..\Libraries\CMSIS\startup\startup_hc32f40_41xxx.s

RTC_Alarm_IRQHandler 00000028

Symbol: RTC_Alarm_IRQHandler
   Definitions
      At line 333 in file ..\..\Libraries\CMSIS\startup\startup_hc32f40_41xxx.s
   Uses
      At line 97 in file ..\..\Libraries\CMSIS\startup\startup_hc32f40_41xxx.s
      At line 250 in file ..\..\Libraries\CMSIS\startup\startup_hc32f40_41xxx.s

RTC_WKUP_IRQHandler 00000028

Symbol: RTC_WKUP_IRQHandler
   Definitions
      At line 295 in file ..\..\Libraries\CMSIS\startup\startup_hc32f40_41xxx.s
   Uses
      At line 59 in file ..\..\Libraries\CMSIS\startup\startup_hc32f40_41xxx.s
      At line 212 in file ..\..\Libraries\CMSIS\startup\startup_hc32f40_41xxx.s

Reset_Handler 00000000

Symbol: Reset_Handler
   Definitions
      At line 146 in file ..\..\Libraries\CMSIS\startup\startup_hc32f40_41xxx.s
   Uses
      At line 39 in file ..\..\Libraries\CMSIS\startup\startup_hc32f40_41xxx.s
      At line 147 in file ..\..\Libraries\CMSIS\startup\startup_hc32f40_41xxx.s

SDIO_IRQHandler 00000028

Symbol: SDIO_IRQHandler
   Definitions
      At line 341 in file ..\..\Libraries\CMSIS\startup\startup_hc32f40_41xxx.s
   Uses
      At line 105 in file ..\..\Libraries\CMSIS\startup\startup_hc32f40_41xxx.s
      At line 258 in file ..\..\Libraries\CMSIS\startup\startup_hc32f40_41xxx.s

SPI1_IRQHandler 00000028

Symbol: SPI1_IRQHandler
   Definitions
      At line 327 in file ..\..\Libraries\CMSIS\startup\startup_hc32f40_41xxx.s
   Uses
      At line 91 in file ..\..\Libraries\CMSIS\startup\startup_hc32f40_41xxx.s
      At line 244 in file ..\..\Libraries\CMSIS\startup\startup_hc32f40_41xxx.s

SPI2_IRQHandler 00000028




ARM Macro Assembler    Page 10 Alphabetic symbol ordering
Relocatable symbols

Symbol: SPI2_IRQHandler
   Definitions
      At line 328 in file ..\..\Libraries\CMSIS\startup\startup_hc32f40_41xxx.s
   Uses
      At line 92 in file ..\..\Libraries\CMSIS\startup\startup_hc32f40_41xxx.s
      At line 245 in file ..\..\Libraries\CMSIS\startup\startup_hc32f40_41xxx.s

SPI3_IRQHandler 00000028

Symbol: SPI3_IRQHandler
   Definitions
      At line 343 in file ..\..\Libraries\CMSIS\startup\startup_hc32f40_41xxx.s
   Uses
      At line 107 in file ..\..\Libraries\CMSIS\startup\startup_hc32f40_41xxx.s
      At line 260 in file ..\..\Libraries\CMSIS\startup\startup_hc32f40_41xxx.s

SVC_Handler 00000020

Symbol: SVC_Handler
   Definitions
      At line 189 in file ..\..\Libraries\CMSIS\startup\startup_hc32f40_41xxx.s
   Uses
      At line 49 in file ..\..\Libraries\CMSIS\startup\startup_hc32f40_41xxx.s
      At line 190 in file ..\..\Libraries\CMSIS\startup\startup_hc32f40_41xxx.s

SysTick_Handler 00000026

Symbol: SysTick_Handler
   Definitions
      At line 202 in file ..\..\Libraries\CMSIS\startup\startup_hc32f40_41xxx.s
   Uses
      At line 53 in file ..\..\Libraries\CMSIS\startup\startup_hc32f40_41xxx.s
      At line 203 in file ..\..\Libraries\CMSIS\startup\startup_hc32f40_41xxx.s

TAMP_STAMP_IRQHandler 00000028

Symbol: TAMP_STAMP_IRQHandler
   Definitions
      At line 294 in file ..\..\Libraries\CMSIS\startup\startup_hc32f40_41xxx.s
   Uses
      At line 58 in file ..\..\Libraries\CMSIS\startup\startup_hc32f40_41xxx.s
      At line 211 in file ..\..\Libraries\CMSIS\startup\startup_hc32f40_41xxx.s

TIM10_IRQHandler 00000028

Symbol: TIM10_IRQHandler
   Definitions
      At line 349 in file ..\..\Libraries\CMSIS\startup\startup_hc32f40_41xxx.s
   Uses
      At line 113 in file ..\..\Libraries\CMSIS\startup\startup_hc32f40_41xxx.s
      At line 266 in file ..\..\Libraries\CMSIS\startup\startup_hc32f40_41xxx.s

TIM1_BRK_IRQHandler 00000028

Symbol: TIM1_BRK_IRQHandler
   Definitions
      At line 316 in file ..\..\Libraries\CMSIS\startup\startup_hc32f40_41xxx.s
   Uses
      At line 80 in file ..\..\Libraries\CMSIS\startup\startup_hc32f40_41xxx.s



ARM Macro Assembler    Page 11 Alphabetic symbol ordering
Relocatable symbols

      At line 233 in file ..\..\Libraries\CMSIS\startup\startup_hc32f40_41xxx.s

TIM1_CC_IRQHandler 00000028

Symbol: TIM1_CC_IRQHandler
   Definitions
      At line 319 in file ..\..\Libraries\CMSIS\startup\startup_hc32f40_41xxx.s
   Uses
      At line 83 in file ..\..\Libraries\CMSIS\startup\startup_hc32f40_41xxx.s
      At line 236 in file ..\..\Libraries\CMSIS\startup\startup_hc32f40_41xxx.s

TIM1_TRG_COM_IRQHandler 00000028

Symbol: TIM1_TRG_COM_IRQHandler
   Definitions
      At line 318 in file ..\..\Libraries\CMSIS\startup\startup_hc32f40_41xxx.s
   Uses
      At line 82 in file ..\..\Libraries\CMSIS\startup\startup_hc32f40_41xxx.s
      At line 235 in file ..\..\Libraries\CMSIS\startup\startup_hc32f40_41xxx.s

TIM1_UP_IRQHandler 00000028

Symbol: TIM1_UP_IRQHandler
   Definitions
      At line 317 in file ..\..\Libraries\CMSIS\startup\startup_hc32f40_41xxx.s
   Uses
      At line 81 in file ..\..\Libraries\CMSIS\startup\startup_hc32f40_41xxx.s
      At line 234 in file ..\..\Libraries\CMSIS\startup\startup_hc32f40_41xxx.s

TIM2_IRQHandler 00000028

Symbol: TIM2_IRQHandler
   Definitions
      At line 320 in file ..\..\Libraries\CMSIS\startup\startup_hc32f40_41xxx.s
   Uses
      At line 84 in file ..\..\Libraries\CMSIS\startup\startup_hc32f40_41xxx.s
      At line 237 in file ..\..\Libraries\CMSIS\startup\startup_hc32f40_41xxx.s

TIM3_IRQHandler 00000028

Symbol: TIM3_IRQHandler
   Definitions
      At line 321 in file ..\..\Libraries\CMSIS\startup\startup_hc32f40_41xxx.s
   Uses
      At line 85 in file ..\..\Libraries\CMSIS\startup\startup_hc32f40_41xxx.s
      At line 238 in file ..\..\Libraries\CMSIS\startup\startup_hc32f40_41xxx.s

TIM4_IRQHandler 00000028

Symbol: TIM4_IRQHandler
   Definitions
      At line 322 in file ..\..\Libraries\CMSIS\startup\startup_hc32f40_41xxx.s
   Uses
      At line 86 in file ..\..\Libraries\CMSIS\startup\startup_hc32f40_41xxx.s
      At line 239 in file ..\..\Libraries\CMSIS\startup\startup_hc32f40_41xxx.s

TIM5_IRQHandler 00000028

Symbol: TIM5_IRQHandler



ARM Macro Assembler    Page 12 Alphabetic symbol ordering
Relocatable symbols

   Definitions
      At line 342 in file ..\..\Libraries\CMSIS\startup\startup_hc32f40_41xxx.s
   Uses
      At line 106 in file ..\..\Libraries\CMSIS\startup\startup_hc32f40_41xxx.s
      At line 259 in file ..\..\Libraries\CMSIS\startup\startup_hc32f40_41xxx.s

TIM6_IRQHandler 00000028

Symbol: TIM6_IRQHandler
   Definitions
      At line 346 in file ..\..\Libraries\CMSIS\startup\startup_hc32f40_41xxx.s
   Uses
      At line 110 in file ..\..\Libraries\CMSIS\startup\startup_hc32f40_41xxx.s
      At line 263 in file ..\..\Libraries\CMSIS\startup\startup_hc32f40_41xxx.s

TIM7_IRQHandler 00000028

Symbol: TIM7_IRQHandler
   Definitions
      At line 347 in file ..\..\Libraries\CMSIS\startup\startup_hc32f40_41xxx.s
   Uses
      At line 111 in file ..\..\Libraries\CMSIS\startup\startup_hc32f40_41xxx.s
      At line 264 in file ..\..\Libraries\CMSIS\startup\startup_hc32f40_41xxx.s

TIM8_BRK_IRQHandler 00000028

Symbol: TIM8_BRK_IRQHandler
   Definitions
      At line 335 in file ..\..\Libraries\CMSIS\startup\startup_hc32f40_41xxx.s
   Uses
      At line 99 in file ..\..\Libraries\CMSIS\startup\startup_hc32f40_41xxx.s
      At line 252 in file ..\..\Libraries\CMSIS\startup\startup_hc32f40_41xxx.s

TIM8_CC_IRQHandler 00000028

Symbol: TIM8_CC_IRQHandler
   Definitions
      At line 338 in file ..\..\Libraries\CMSIS\startup\startup_hc32f40_41xxx.s
   Uses
      At line 102 in file ..\..\Libraries\CMSIS\startup\startup_hc32f40_41xxx.s
      At line 255 in file ..\..\Libraries\CMSIS\startup\startup_hc32f40_41xxx.s

TIM8_TRG_COM_IRQHandler 00000028

Symbol: TIM8_TRG_COM_IRQHandler
   Definitions
      At line 337 in file ..\..\Libraries\CMSIS\startup\startup_hc32f40_41xxx.s
   Uses
      At line 101 in file ..\..\Libraries\CMSIS\startup\startup_hc32f40_41xxx.s
      At line 254 in file ..\..\Libraries\CMSIS\startup\startup_hc32f40_41xxx.s

TIM8_UP_IRQHandler 00000028

Symbol: TIM8_UP_IRQHandler
   Definitions
      At line 336 in file ..\..\Libraries\CMSIS\startup\startup_hc32f40_41xxx.s
   Uses
      At line 100 in file ..\..\Libraries\CMSIS\startup\startup_hc32f40_41xxx.s
      At line 253 in file ..\..\Libraries\CMSIS\startup\startup_hc32f40_41xxx.s



ARM Macro Assembler    Page 13 Alphabetic symbol ordering
Relocatable symbols


TIM9_IRQHandler 00000028

Symbol: TIM9_IRQHandler
   Definitions
      At line 348 in file ..\..\Libraries\CMSIS\startup\startup_hc32f40_41xxx.s
   Uses
      At line 112 in file ..\..\Libraries\CMSIS\startup\startup_hc32f40_41xxx.s
      At line 265 in file ..\..\Libraries\CMSIS\startup\startup_hc32f40_41xxx.s

UART4_IRQHandler 00000028

Symbol: UART4_IRQHandler
   Definitions
      At line 344 in file ..\..\Libraries\CMSIS\startup\startup_hc32f40_41xxx.s
   Uses
      At line 108 in file ..\..\Libraries\CMSIS\startup\startup_hc32f40_41xxx.s
      At line 261 in file ..\..\Libraries\CMSIS\startup\startup_hc32f40_41xxx.s

UART5_IRQHandler 00000028

Symbol: UART5_IRQHandler
   Definitions
      At line 345 in file ..\..\Libraries\CMSIS\startup\startup_hc32f40_41xxx.s
   Uses
      At line 109 in file ..\..\Libraries\CMSIS\startup\startup_hc32f40_41xxx.s
      At line 262 in file ..\..\Libraries\CMSIS\startup\startup_hc32f40_41xxx.s

USART1_IRQHandler 00000028

Symbol: USART1_IRQHandler
   Definitions
      At line 329 in file ..\..\Libraries\CMSIS\startup\startup_hc32f40_41xxx.s
   Uses
      At line 93 in file ..\..\Libraries\CMSIS\startup\startup_hc32f40_41xxx.s
      At line 246 in file ..\..\Libraries\CMSIS\startup\startup_hc32f40_41xxx.s

USART2_IRQHandler 00000028

Symbol: USART2_IRQHandler
   Definitions
      At line 330 in file ..\..\Libraries\CMSIS\startup\startup_hc32f40_41xxx.s
   Uses
      At line 94 in file ..\..\Libraries\CMSIS\startup\startup_hc32f40_41xxx.s
      At line 247 in file ..\..\Libraries\CMSIS\startup\startup_hc32f40_41xxx.s

USART3_IRQHandler 00000028

Symbol: USART3_IRQHandler
   Definitions
      At line 331 in file ..\..\Libraries\CMSIS\startup\startup_hc32f40_41xxx.s
   Uses
      At line 95 in file ..\..\Libraries\CMSIS\startup\startup_hc32f40_41xxx.s
      At line 248 in file ..\..\Libraries\CMSIS\startup\startup_hc32f40_41xxx.s

USBWakeUp_IRQHandler 00000028

Symbol: USBWakeUp_IRQHandler
   Definitions



ARM Macro Assembler    Page 14 Alphabetic symbol ordering
Relocatable symbols

      At line 334 in file ..\..\Libraries\CMSIS\startup\startup_hc32f40_41xxx.s
   Uses
      At line 98 in file ..\..\Libraries\CMSIS\startup\startup_hc32f40_41xxx.s
      At line 251 in file ..\..\Libraries\CMSIS\startup\startup_hc32f40_41xxx.s

USB_HP_IRQHandler 00000028

Symbol: USB_HP_IRQHandler
   Definitions
      At line 360 in file ..\..\Libraries\CMSIS\startup\startup_hc32f40_41xxx.s
   Uses
      At line 124 in file ..\..\Libraries\CMSIS\startup\startup_hc32f40_41xxx.s
      At line 277 in file ..\..\Libraries\CMSIS\startup\startup_hc32f40_41xxx.s

USB_LP_IRQHandler 00000028

Symbol: USB_LP_IRQHandler
   Definitions
      At line 359 in file ..\..\Libraries\CMSIS\startup\startup_hc32f40_41xxx.s
   Uses
      At line 123 in file ..\..\Libraries\CMSIS\startup\startup_hc32f40_41xxx.s
      At line 276 in file ..\..\Libraries\CMSIS\startup\startup_hc32f40_41xxx.s

UsageFault_Handler 0000001E

Symbol: UsageFault_Handler
   Definitions
      At line 185 in file ..\..\Libraries\CMSIS\startup\startup_hc32f40_41xxx.s
   Uses
      At line 44 in file ..\..\Libraries\CMSIS\startup\startup_hc32f40_41xxx.s
      At line 186 in file ..\..\Libraries\CMSIS\startup\startup_hc32f40_41xxx.s

VC0_IRQHandler 00000028

Symbol: VC0_IRQHandler
   Definitions
      At line 351 in file ..\..\Libraries\CMSIS\startup\startup_hc32f40_41xxx.s
   Uses
      At line 115 in file ..\..\Libraries\CMSIS\startup\startup_hc32f40_41xxx.s
      At line 268 in file ..\..\Libraries\CMSIS\startup\startup_hc32f40_41xxx.s

VC1_IRQHandler 00000028

Symbol: VC1_IRQHandler
   Definitions
      At line 352 in file ..\..\Libraries\CMSIS\startup\startup_hc32f40_41xxx.s
   Uses
      At line 116 in file ..\..\Libraries\CMSIS\startup\startup_hc32f40_41xxx.s
      At line 269 in file ..\..\Libraries\CMSIS\startup\startup_hc32f40_41xxx.s

VC2_IRQHandler 00000028

Symbol: VC2_IRQHandler
   Definitions
      At line 353 in file ..\..\Libraries\CMSIS\startup\startup_hc32f40_41xxx.s
   Uses
      At line 117 in file ..\..\Libraries\CMSIS\startup\startup_hc32f40_41xxx.s
      At line 270 in file ..\..\Libraries\CMSIS\startup\startup_hc32f40_41xxx.s




ARM Macro Assembler    Page 15 Alphabetic symbol ordering
Relocatable symbols

VC_Wakeup_IRQHandler 00000028

Symbol: VC_Wakeup_IRQHandler
   Definitions
      At line 354 in file ..\..\Libraries\CMSIS\startup\startup_hc32f40_41xxx.s
   Uses
      At line 118 in file ..\..\Libraries\CMSIS\startup\startup_hc32f40_41xxx.s
      At line 271 in file ..\..\Libraries\CMSIS\startup\startup_hc32f40_41xxx.s

WWDG_IRQHandler 00000028

Symbol: WWDG_IRQHandler
   Definitions
      At line 292 in file ..\..\Libraries\CMSIS\startup\startup_hc32f40_41xxx.s
   Uses
      At line 56 in file ..\..\Libraries\CMSIS\startup\startup_hc32f40_41xxx.s
      At line 209 in file ..\..\Libraries\CMSIS\startup\startup_hc32f40_41xxx.s

94 symbols



ARM Macro Assembler    Page 1 Alphabetic symbol ordering
Absolute symbols

Heap_Size 00000000

Symbol: Heap_Size
   Definitions
      At line 21 in file ..\..\Libraries\CMSIS\startup\startup_hc32f40_41xxx.s
   Uses
      At line 25 in file ..\..\Libraries\CMSIS\startup\startup_hc32f40_41xxx.s
Comment: Heap_Size used once
Stack_Size 00004000

Symbol: Stack_Size
   Definitions
      At line 10 in file ..\..\Libraries\CMSIS\startup\startup_hc32f40_41xxx.s
   Uses
      At line 13 in file ..\..\Libraries\CMSIS\startup\startup_hc32f40_41xxx.s
Comment: Stack_Size used once
__Vectors_Size 00000188

Symbol: __Vectors_Size
   Definitions
      At line 141 in file ..\..\Libraries\CMSIS\startup\startup_hc32f40_41xxx.s
   Uses
      At line 36 in file ..\..\Libraries\CMSIS\startup\startup_hc32f40_41xxx.s
Comment: __Vectors_Size used once
3 symbols



ARM Macro Assembler    Page 1 Alphabetic symbol ordering
External symbols

__main 00000000

Symbol: __main
   Definitions
      At line 149 in file ..\..\Libraries\CMSIS\startup\startup_hc32f40_41xxx.s
   Uses
      At line 159 in file ..\..\Libraries\CMSIS\startup\startup_hc32f40_41xxx.s
Comment: __main used once
1 symbol
443 symbols in table
